<?xml version="1.0" encoding="UTF-8"?>
<testng-results ignored="0" total="1" passed="1" failed="0" skipped="0">
  <reporter-output>
  </reporter-output>
  <suite started-at="2024-10-08T17:31:30 BST" name="Default suite" finished-at="2024-10-08T17:31:32 BST" duration-ms="2451">
    <groups>
    </groups>
    <test started-at="2024-10-08T17:31:30 BST" name="Default test" finished-at="2024-10-08T17:31:32 BST" duration-ms="2451">
      <class name="Selenium01.testng">
        <test-method signature="test01()[pri:0, instance:Selenium01.testng@f5acb9d]" started-at="2024-10-08T17:31:30 BST" name="test01" finished-at="2024-10-08T17:31:32 BST" duration-ms="2438" status="PASS">
          <reporter-output>
          </reporter-output>
        </test-method> <!-- test01 -->
      </class> <!-- Selenium01.testng -->
    </test> <!-- Default test -->
  </suite> <!-- Default suite -->
</testng-results>
